Trace file for the simulation
Format: <event> <time> <item_id> <server_status> <queue_size>

0
a	2.41903	1	0	0
0
d	2.4898	1	0	0
0
a	2.59775	2	0	0
0
a	2.81235	3	1	0
0.0301605
d	2.84251	2	1	1
s2	2.84251	3	1	0
0.113938que   0
0.0301605
a	2.90976	4	1	0
0.0768427
d	2.95645	3	1	1
s2	2.95645	4	1	0
1.40025que   0
0.0768427
a	3.30669	5	1	0
0.193583
a	3.42343	4	1	1
1.39119
a	4.02223	7	1	2
1.40276
a	4.02609	8	1	3
1.54576
a	4.06184	5	1	4
10.4904
a	5.85076	10	1	5
19.9313
a	7.42425	11	1	6
22.2021
a	7.74865	12	1	7
23.8868
a	7.95924	13	1	8
25.5671
a	8.14593	14	1	9
27.2601
a	8.31524	15	1	10
29.0897
a	8.48157	16	1	11
36.2673
a	9.0797	17	1	12
38.048
a	9.21668	18	1	13
41.7664
a	9.48227	19	1	14
46.9854
a	9.83021	20	1	15
62.2603
a	10.7849	21	1	16
65.0831
a	10.9509	22	1	17
66.5485
a	11.0324	23	1	18
67.9414
a	11.1057	24	1	19
72.3026
a	11.3237	25	1	20
80.6853
a	11.7229	26	1	21
81.6566
a	11.767	27	1	22
84.1046
a	11.8735	28	1	23
84.4656
a	11.8885	29	1	24
85.1091
a	11.9143	30	1	25
90.46
a	12.1201	31	1	26
108.006
a	12.7699	32	1	27
115.212
a	13.0273	33	1	28
129.198
a	13.5095	34	1	29
130.68
a	13.559	35	1	30
146.827
a	14.0798	36	1	31
149.482
a	14.1628	37	1	32
151.353
a	14.2195	38	1	33
151.389
a	14.2206	39	1	34
151.393
a	14.2207	40	1	35
157.296
a	14.3846	41	1	36
168.833
a	14.6964	42	1	37
185.597
a	15.1376	43	1	38
201.367
a	15.542	44	1	39
203.69
a	15.6	45	1	40
254.81
a	16.8469	46	1	41
268.51
a	17.173	47	1	42
302.612
a	17.9661	48	1	43
308.329
a	18.0961	49	1	44
351.508
a	19.0556	50	1	45
424.1
a	20.6337	51	1	46
425.427
a	20.6619	52	1	47
446.032
a	21.0912	53	1	48
467.244
a	21.5241	54	1	49
476.098
a	21.7012	55	1	50
482.377
a	21.8243	56	1	51
485.449
a	21.8834	57	1	52
491.095
a	21.9899	58	1	53
504.122
a	22.2311	59	1	54
533.145
a	22.7588	60	1	55
538.672
a	22.8575	61	1	56
553.08
a	23.1103	62	1	57
568.18
a	23.3706	63	1	58
569.206
a	23.388	64	1	59
575.11
a	23.4864	65	1	60
620.312
a	24.2274	66	1	61
630.902
a	24.3982	67	1	62
650.935
a	24.7162	68	1	63
657.504
a	24.8189	69	1	64
668.251
a	24.9842	70	1	65
680.525
a	25.1702	71	1	66
703.26
a	25.5095	72	1	67
746.028
a	26.1384	73	1	68
780.327
a	26.6355	74	1	69
800.284
a	26.9206	75	1	70
805.481
a	26.9938	76	1	71
821.31
a	27.2137	77	1	72
821.556
a	27.217	78	1	73
828.602
a	27.3123	79	1	74
855.167
a	27.6665	80	1	75
900.21
a	28.2591	81	1	76
910.98
a	28.399	82	1	77
929.428
a	28.6355	83	1	78
1002.01
a	29.5542	84	1	79
1011.53
a	29.6732	85	1	80
1029.98
a	29.9011	86	1	81
1082.3
a	30.5391	87	1	82
1083.73
a	30.5564	88	1	83
1138.47
a	31.208	89	1	84
1141.3
a	31.2412	90	1	85
1151.81
a	31.3635	91	1	86
1186.44
a	31.7615	92	1	87
1211.43
a	32.0455	93	1	88
1290.16
a	32.9302	94	1	89
1291.18
a	32.9415	95	1	90
1302.74
a	33.0685	96	1	91
1360.27
a	33.6938	97	1	92
1364.33
a	33.7374	98	1	93
1370.48
a	33.8029	99	1	94
1387.62
